象棋
主菜单:
showc end play resetp set showb 
象棋
主菜单:
选择红方: 
选择黑方: 
对局开始...
双方:computer1 computer2 
9 [43m[30m车━━马━━象━━士━━将━━士━━象━━马━━车 [0m
  [43m[30m ┃   ┃   ┃   ┃   ┃   ┃   ┃   ┃   ┃ [0m
8 [43m[30m ┣━━━╋━━━╋━━━╋━━━╋━━━╋━━━╋━━━╋━━━┫ [0m
  [43m[30m ┃   ┃   ┃   ┃   ┃   ┃   ┃   ┃   ┃ [0m
7 [43m[30m ┣━━炮━━━╋━━━╋━━━╋━━━╋━━━╋━━炮━━━┫ [0m
  [43m[30m ┃   ┃   ┃   ┃   ┃   ┃   ┃   ┃   ┃ [0m
6 [43m[30m卒━━━╋━━卒━━━╋━━卒━━━╋━━卒━━━╋━━卒 [0m
  [43m[30m ┃   ┃   ┃   ┃   ┃   ┃   ┃   ┃   ┃ [0m
5 [43m[30m ┣━━━┻━━━┻━━━┻━━━┻━━━┻━━━┻━━━┻━━━┫ [0m
  [43m[30m                                   [0m
4 [43m[30m ┣━━━┳━━━┳━━━┳━━━┳━━━┳━━━┳━━━┳━━━┫ [0m
  [43m[30m ┃   ┃   ┃   ┃   ┃   ┃   ┃   ┃   ┃ [0m
3 [43m[30m[31m兵[30m━━━╋━━[31m兵[30m━━━╋━━[31m兵[30m━━━╋━━[31m兵[30m━━━╋━━[31m兵[30m [0m
  [43m[30m ┃   ┃   ┃   ┃   ┃   ┃   ┃   ┃   ┃ [0m
2 [43m[30m ┣━━[31m炮[30m━━━╋━━━╋━━━╋━━━╋━━━╋━━[31m炮[30m━━━┫ [0m
  [43m[30m ┃   ┃   ┃   ┃   ┃   ┃   ┃   ┃   ┃ [0m
1 [43m[30m ┣━━━╋━━━╋━━━╋━━━╋━━━╋━━━╋━━━╋━━━┫ [0m
  [43m[30m ┃   ┃   ┃   ┃   ┃   ┃   ┃   ┃   ┃ [0m
0 [43m[30m[31m车[30m━━[31m马[30m━━[31m相[30m━━[31m士[30m━━[31m帅[30m━━[31m士[30m━━[31m相[30m━━[31m马[30m━━[31m车[30m [0m
   a   b   c   d   e   f   g   h   i   
回合 1, 
红方回合:
9 [43m[30m车━━马━━象━━士━━将━━士━━象━━马━━车 [0m
  [43m[30m ┃   ┃   ┃   ┃   ┃   ┃   ┃   ┃   ┃ [0m
8 [43m[30m ┣━━━╋━━━╋━━━╋━━━╋━━━╋━━━╋━━━╋━━━┫ [0m
  [43m[30m ┃   ┃   ┃   ┃   ┃   ┃   ┃   ┃   ┃ [0m
7 [43m[30m ┣━━炮━━━╋━━━╋━━━╋━━━╋━━━╋━━炮━━━┫ [0m
  [43m[30m ┃   ┃   ┃   ┃   ┃   ┃   ┃   ┃   ┃ [0m
6 [43m[30m卒━━━╋━━卒━━━╋━━卒━━━╋━━卒━━━╋━━卒 [0m
  [43m[30m ┃   ┃   ┃   ┃   ┃   ┃   ┃   ┃   ┃ [0m
5 [43m[30m ┣━━━┻━━━┻━━━┻━━━┻━━━┻━━━┻━━━┻━━━┫ [0m
  [43m[30m                                   [0m
4 [43m[30m ┣━━━┳━━━┳━━━┳━━━┳━━━┳━━━┳━━━┳━━━┫ [0m
  [43m[30m ┃   ┃   ┃   ┃   ┃   ┃   ┃   ┃   ┃ [0m
3 [43m[30m[31m兵[30m━━━╋━━[31m兵[30m━━━╋━━[31m兵[30m━━━╋━━[31m兵[30m━━━╋━━[31m兵[30m [0m
  [43m[30m ┃   ┃   ┃   ┃   ┃   ┃   ┃   ┃   ┃ [0m
2 [43m[30m ┣━━[31m炮[30m━━━╋━━━╋━━━╋━━━╋━━━╋━━[31m炮[30m━━━┫ [0m
  [43m[30m ┃   ┃   ┃   ┃   ┃   ┃   ┃   ┃   ┃ [0m
1 [43m[30m ┣━━━╋━━━╋━━━╋━━━╋━━━╋━━━╋━━━╋━━━┫ [0m
  [43m[30m ┃   ┃   ┃   ┃   ┃   ┃   ┃   ┃   ┃ [0m
0 [43m[30m[31m车[30m━━[31m马[30m━━[31m相[30m━━[31m士[30m━━[31m帅[30m━━[31m士[30m━━[31m相[30m━━[31m马[30m━━[31m车[30m [0m
   a   b   c   d   e   f   g   h   i   
回合 1, 
红方回合:e0e1 d0e1 f0e1 a0a1 a0a2 i0i1 i0i2 b2c2 b2d2 b2e2 b2f2 b2g2 b2a2 b2b3 b2b4 b2b5 b2b6 b2b9 b2b1 h2i2 h2g2 h2f2 h2e2 h2d2 h2c2 h2h3 h2h4 h2h5 h2h6 h2h9 h2h1 b0c2 b0a2 h0i2 h0g2 c0e2 c0a2 g0i2 g0e2 a3a4 c3c4 e3e4 g3g4 i3i4 
9 [43m[30m车━━马━━象━━士━━将━━士━━象━━马━━车 [0m
  [43m[30m ┃   ┃   ┃   ┃   ┃   ┃   ┃   ┃   ┃ [0m
8 [43m[30m ┣━━━╋━━━╋━━━╋━━━╋━━━╋━━━╋━━━╋━━━┫ [0m
  [43m[30m ┃   ┃   ┃   ┃   ┃   ┃   ┃   ┃   ┃ [0m
7 [43m[30m ┣━━炮━━━╋━━━╋━━━╋━━━╋━━━╋━━炮━━━┫ [0m
  [43m[30m ┃   ┃   ┃   ┃   ┃   ┃   ┃   ┃   ┃ [0m
6 [43m[30m卒━━━╋━━卒━━━╋━━卒━━━╋━━卒━━━╋━━卒 [0m
  [43m[30m ┃   ┃   ┃   ┃   ┃   ┃   ┃   ┃   ┃ [0m
5 [43m[30m ┣━━━┻━━━┻━━━┻━━━┻━━━┻━━━┻━━━┻━━━┫ [0m
  [43m[30m                                   [0m
4 [43m[30m ┣━━━┳━━━┳━━━┳━━━┳━━━┳━━━┳━━━┳━━━┫ [0m
  [43m[30m ┃   ┃   ┃   ┃   ┃   ┃   ┃   ┃   ┃ [0m
3 [43m[30m[31m兵[30m━━━╋━━[31m兵[30m━━━╋━━[31m兵[30m━━━╋━━[31m兵[30m━━━╋━━[31m兵[30m [0m
  [43m[30m ┃   ┃   ┃   ┃   ┃   ┃   ┃   ┃   ┃ [0m
2 [43m[30m ┣━━[31m炮[30m━━━╋━━━╋━━━╋━━━╋━━━╋━━[31m炮[30m━━━┫ [0m
  [43m[30m ┃   ┃   ┃   ┃   ┃   ┃   ┃   ┃   ┃ [0m
1 [43m[30m ┣━━━╋━━━╋━━━╋━━━╋━━━╋━━━╋━━━╋━━━┫ [0m
  [43m[30m ┃   ┃   ┃   ┃   ┃   ┃   ┃   ┃   ┃ [0m
0 [43m[30m[31m车[30m━━[31m马[30m━━[31m相[30m━━[31m士[30m━━[31m帅[30m━━[31m士[30m━━[31m相[30m━━[31m马[30m━━[31m车[30m [0m
   a   b   c   d   e   f   g   h   i   
回合 1, 
红方回合:b2e2
9 [43m[30m车━━马━━象━━士━━将━━士━━象━━马━━车 [0m
  [43m[30m ┃   ┃   ┃   ┃   ┃   ┃   ┃   ┃   ┃ [0m
8 [43m[30m ┣━━━╋━━━╋━━━╋━━━╋━━━╋━━━╋━━━╋━━━┫ [0m
  [43m[30m ┃   ┃   ┃   ┃   ┃   ┃   ┃   ┃   ┃ [0m
7 [43m[30m ┣━━炮━━━╋━━━╋━━━╋━━━╋━━━╋━━炮━━━┫ [0m
  [43m[30m ┃   ┃   ┃   ┃   ┃   ┃   ┃   ┃   ┃ [0m
6 [43m[30m卒━━━╋━━卒━━━╋━━卒━━━╋━━卒━━━╋━━卒 [0m
  [43m[30m ┃   ┃   ┃   ┃   ┃   ┃   ┃   ┃   ┃ [0m
5 [43m[30m ┣━━━┻━━━┻━━━┻━━━┻━━━┻━━━┻━━━┻━━━┫ [0m
  [43m[30m                                   [0m
4 [43m[30m ┣━━━┳━━━┳━━━┳━━━┳━━━┳━━━┳━━━┳━━━┫ [0m
  [43m[30m ┃   ┃   ┃   ┃   ┃   ┃   ┃   ┃   ┃ [0m
3 [43m[30m[31m兵[30m━━━╋━━[31m兵[30m━━━╋━━[31m兵[30m━━━╋━━[31m兵[30m━━━╋━━[31m兵[30m [0m
  [43m[30m ┃   ┃   ┃   ┃   ┃   ┃   ┃   ┃   ┃ [0m
2 [43m[30m ┣━━━╋━━━╋━━━╋━━[31m炮[30m━━━╋━━━╋━━[31m炮[30m━━━┫ [0m
  [43m[30m ┃   ┃   ┃   ┃   ┃   ┃   ┃   ┃   ┃ [0m
1 [43m[30m ┣━━━╋━━━╋━━━╋━━━╋━━━╋━━━╋━━━╋━━━┫ [0m
  [43m[30m ┃   ┃   ┃   ┃   ┃   ┃   ┃   ┃   ┃ [0m
0 [43m[30m[31m车[30m━━[31m马[30m━━[31m相[30m━━[31m士[30m━━[31m帅[30m━━[31m士[30m━━[31m相[30m━━[31m马[30m━━[31m车[30m [0m
   a   b   c   d   e   f   g   h   i   
回合 1, 
黑方回合:b2e2 
9 [43m[30m车━━马━━象━━士━━将━━士━━象━━马━━车 [0m
  [43m[30m ┃   ┃   ┃   ┃   ┃   ┃   ┃   ┃   ┃ [0m
8 [43m[30m ┣━━━╋━━━╋━━━╋━━━╋━━━╋━━━╋━━━╋━━━┫ [0m
  [43m[30m ┃   ┃   ┃   ┃   ┃   ┃   ┃   ┃   ┃ [0m
7 [43m[30m ┣━━炮━━━╋━━━╋━━━╋━━━╋━━━╋━━炮━━━┫ [0m
  [43m[30m ┃   ┃   ┃   ┃   ┃   ┃   ┃   ┃   ┃ [0m
6 [43m[30m卒━━━╋━━卒━━━╋━━卒━━━╋━━卒━━━╋━━卒 [0m
  [43m[30m ┃   ┃   ┃   ┃   ┃   ┃   ┃   ┃   ┃ [0m
5 [43m[30m ┣━━━┻━━━┻━━━┻━━━┻━━━┻━━━┻━━━┻━━━┫ [0m
  [43m[30m                                   [0m
4 [43m[30m ┣━━━┳━━━┳━━━┳━━━┳━━━┳━━━┳━━━┳━━━┫ [0m
  [43m[30m ┃   ┃   ┃   ┃   ┃   ┃   ┃   ┃   ┃ [0m
3 [43m[30m[31m兵[30m━━━╋━━[31m兵[30m━━━╋━━[31m兵[30m━━━╋━━[31m兵[30m━━━╋━━[31m兵[30m [0m
  [43m[30m ┃   ┃   ┃   ┃   ┃   ┃   ┃   ┃   ┃ [0m
2 [43m[30m ┣━━━╋━━━╋━━━╋━━[31m炮[30m━━━╋━━━╋━━[31m炮[30m━━━┫ [0m
  [43m[30m ┃   ┃   ┃   ┃   ┃   ┃   ┃   ┃   ┃ [0m
1 [43m[30m ┣━━━╋━━━╋━━━╋━━━╋━━━╋━━━╋━━━╋━━━┫ [0m
  [43m[30m ┃   ┃   ┃   ┃   ┃   ┃   ┃   ┃   ┃ [0m
0 [43m[30m[31m车[30m━━[31m马[30m━━[31m相[30m━━[31m士[30m━━[31m帅[30m━━[31m士[30m━━[31m相[30m━━[31m马[30m━━[31m车[30m [0m
   a   b   c   d   e   f   g   h   i   
回合 1, 
黑方回合:b7c7
9 [43m[30m车━━马━━象━━士━━将━━士━━象━━马━━车 [0m
  [43m[30m ┃   ┃   ┃   ┃   ┃   ┃   ┃   ┃   ┃ [0m
8 [43m[30m ┣━━━╋━━━╋━━━╋━━━╋━━━╋━━━╋━━━╋━━━┫ [0m
  [43m[30m ┃   ┃   ┃   ┃   ┃   ┃   ┃   ┃   ┃ [0m
7 [43m[30m ┣━━━╋━━炮━━━╋━━━╋━━━╋━━━╋━━炮━━━┫ [0m
  [43m[30m ┃   ┃   ┃   ┃   ┃   ┃   ┃   ┃   ┃ [0m
6 [43m[30m卒━━━╋━━卒━━━╋━━卒━━━╋━━卒━━━╋━━卒 [0m
  [43m[30m ┃   ┃   ┃   ┃   ┃   ┃   ┃   ┃   ┃ [0m
5 [43m[30m ┣━━━┻━━━┻━━━┻━━━┻━━━┻━━━┻━━━┻━━━┫ [0m
  [43m[30m                                   [0m
4 [43m[30m ┣━━━┳━━━┳━━━┳━━━┳━━━┳━━━┳━━━┳━━━┫ [0m
  [43m[30m ┃   ┃   ┃   ┃   ┃   ┃   ┃   ┃   ┃ [0m
3 [43m[30m[31m兵[30m━━━╋━━[31m兵[30m━━━╋━━[31m兵[30m━━━╋━━[31m兵[30m━━━╋━━[31m兵[30m [0m
  [43m[30m ┃   ┃   ┃   ┃   ┃   ┃   ┃   ┃   ┃ [0m
2 [43m[30m ┣━━━╋━━━╋━━━╋━━[31m炮[30m━━━╋━━━╋━━[31m炮[30m━━━┫ [0m
  [43m[30m ┃   ┃   ┃   ┃   ┃   ┃   ┃   ┃   ┃ [0m
1 [43m[30m ┣━━━╋━━━╋━━━╋━━━╋━━━╋━━━╋━━━╋━━━┫ [0m
  [43m[30m ┃   ┃   ┃   ┃   ┃   ┃   ┃   ┃   ┃ [0m
0 [43m[30m[31m车[30m━━[31m马[30m━━[31m相[30m━━[31m士[30m━━[31m帅[30m━━[31m士[30m━━[31m相[30m━━[31m马[30m━━[31m车[30m [0m
   a   b   c   d   e   f   g   h   i   
回合 2, 
红方回合:象棋
主菜单:
双方已重置。
象棋
主菜单:
设置: 
Setting: 
XiangQI
Main Menu: 
Setting Player (red): 
Setting Player (black): 
XiangQI
Main Menu: 
Setting Player (black): 
Game started.
Players:computer1 computer1 
9 [43m[30mg━━m━━x━━s━━j━━s━━x━━m━━g[0m
8 [43m[30m┣━━╋━━╋━━╋━━╋━━╋━━╋━━╋━━┫[0m
7 [43m[30m┣━━p━━╋━━╋━━╋━━╋━━╋━━p━━┫[0m
6 [43m[30mb━━╋━━b━━╋━━b━━╋━━b━━╋━━b[0m
5 [43m[30m┣━━┻━━┻━━┻━━┻━━┻━━┻━━┻━━┫[0m
4 [43m[30m┣━━┳━━┳━━┳━━┳━━┳━━┳━━┳━━┫[0m
3 [43m[30m[31mB[30m━━╋━━[31mB[30m━━╋━━[31mB[30m━━╋━━[31mB[30m━━╋━━[31mB[30m[0m
2 [43m[30m┣━━[31mP[30m━━╋━━╋━━╋━━╋━━╋━━[31mP[30m━━┫[0m
1 [43m[30m┣━━╋━━╋━━╋━━╋━━╋━━╋━━╋━━┫[0m
0 [43m[30m[31mG[30m━━[31mM[30m━━[31mX[30m━━[31mS[30m━━[31mJ[30m━━[31mS[30m━━[31mX[30m━━[31mM[30m━━[31mG[30m[0m
  a  b  c  d  e  f  g  h  i  
Round 1,
Player(red) move:
showc end hist moves undo e0e1 d0e1 f0e1 a0a1 a0a2 i0i1 i0i2 b2c2 b2d2 b2e2 b2f2 b2g2 b2a2 b2b3 b2b4 b2b5 b2b6 b2b9 b2b1 h2i2 h2g2 h2f2 h2e2 h2d2 h2c2 h2h3 h2h4 h2h5 h2h6 h2h9 h2h1 b0c2 b0a2 h0i2 h0g2 c0e2 c0a2 g0i2 g0e2 a3a4 c3c4 e3e4 g3g4 i3i4 
9 [43m[30mg━━m━━x━━s━━j━━s━━x━━m━━g[0m
8 [43m[30m┣━━╋━━╋━━╋━━╋━━╋━━╋━━╋━━┫[0m
7 [43m[30m┣━━p━━╋━━╋━━╋━━╋━━╋━━p━━┫[0m
6 [43m[30mb━━╋━━b━━╋━━b━━╋━━b━━╋━━b[0m
5 [43m[30m┣━━┻━━┻━━┻━━┻━━┻━━┻━━┻━━┫[0m
4 [43m[30m┣━━┳━━┳━━┳━━┳━━┳━━┳━━┳━━┫[0m
3 [43m[30m[31mB[30m━━╋━━[31mB[30m━━╋━━[31mB[30m━━╋━━[31mB[30m━━╋━━[31mB[30m[0m
2 [43m[30m┣━━[31mP[30m━━╋━━╋━━╋━━╋━━╋━━[31mP[30m━━┫[0m
1 [43m[30m┣━━╋━━╋━━╋━━╋━━╋━━╋━━╋━━┫[0m
0 [43m[30m[31mG[30m━━[31mM[30m━━[31mX[30m━━[31mS[30m━━[31mJ[30m━━[31mS[30m━━[31mX[30m━━[31mM[30m━━[31mG[30m[0m
  a  b  c  d  e  f  g  h  i  
Round 1,
Player(red) move:
XiangQI
Main Menu: 
Exits.
